2023-02-07 17:02:26.9744|Microsoft.AspNetCore.DataProtection.KeyManagement.XmlKeyManager|INFO|User profile is available. Using 'C:\Users\anson\AppData\Local\ASP.NET\DataProtection-Keys' as key repository and Windows DPAPI to encrypt keys at rest. 
2023-02-07 17:02:27.1879|Microsoft.Hosting.Lifetime|INFO|Application started. Press Ctrl+C to shut down. 
2023-02-07 17:02:27.1962|Microsoft.Hosting.Lifetime|INFO|Hosting environment: Development 
2023-02-07 17:02:27.1962|Microsoft.Hosting.Lifetime|INFO|Content root path: E:\Asp.Net Core\GitWorkSpace\MockSchoolManagement\MockSchoolManagement 
2023-02-07 17:02:27.2282|Microsoft.AspNetCore.Hosting.Diagnostics|INFO|Request starting HTTP/1.1 GET http://localhost:13800/ - - 
2023-02-07 17:02:27.3797|Microsoft.AspNetCore.Routing.EndpointMiddleware|INFO|Executing endpoint 'MockSchoolManagement.Controllers.HomeController.Index (MockSchoolManagement)' 
2023-02-07 17:02:27.3999|Microsoft.AspNetCore.Mvc.Infrastructure.ControllerActionInvoker|INFO|Route matched with {action = "Index", controller = "Home"}. Executing controller action with signature Microsoft.AspNetCore.Mvc.IActionResult Index() on controller MockSchoolManagement.Controllers.HomeController (MockSchoolManagement). 
2023-02-07 17:02:27.4461|Microsoft.AspNetCore.Authorization.DefaultAuthorizationService|INFO|Authorization failed. These requirements were not met:
DenyAnonymousAuthorizationRequirement: Requires an authenticated user. 
2023-02-07 17:02:27.4706|Microsoft.AspNetCore.Mvc.Infrastructure.ControllerActionInvoker|INFO|Authorization failed for the request at filter 'Microsoft.AspNetCore.Mvc.Authorization.AuthorizeFilter'. 
2023-02-07 17:02:27.4809|Microsoft.AspNetCore.Mvc.ChallengeResult|INFO|Executing ChallengeResult with authentication schemes (). 
2023-02-07 17:02:27.4996|Microsoft.AspNetCore.Authentication.Cookies.CookieAuthenticationHandler|INFO|AuthenticationScheme: Identity.Application was challenged. 
2023-02-07 17:02:27.5112|Microsoft.AspNetCore.Mvc.Infrastructure.ControllerActionInvoker|INFO|Executed action MockSchoolManagement.Controllers.HomeController.Index (MockSchoolManagement) in 55.8952ms 
2023-02-07 17:02:27.5112|Microsoft.AspNetCore.Routing.EndpointMiddleware|INFO|Executed endpoint 'MockSchoolManagement.Controllers.HomeController.Index (MockSchoolManagement)' 
2023-02-07 17:02:27.5409|Microsoft.AspNetCore.Hosting.Diagnostics|INFO|Request finished HTTP/1.1 GET http://localhost:13800/ - - - 302 - - 313.6218ms 
2023-02-07 17:02:27.5409|Microsoft.AspNetCore.Hosting.Diagnostics|INFO|Request starting HTTP/1.1 GET http://localhost:13800/Account/Login?ReturnUrl=%2F - - 
2023-02-07 17:02:27.5878|Microsoft.AspNetCore.Routing.EndpointMiddleware|INFO|Executing endpoint 'MockSchoolManagement.Controllers.AccountController.Login (MockSchoolManagement)' 
2023-02-07 17:02:27.6043|Microsoft.AspNetCore.Mvc.Infrastructure.ControllerActionInvoker|INFO|Route matched with {action = "Login", controller = "Account"}. Executing controller action with signature Microsoft.AspNetCore.Mvc.IActionResult Login() on controller MockSchoolManagement.Controllers.AccountController (MockSchoolManagement). 
2023-02-07 17:02:27.8516|Microsoft.AspNetCore.Mvc.Infrastructure.ControllerActionInvoker|INFO|Executing action method MockSchoolManagement.Controllers.AccountController.Login (MockSchoolManagement) - Validation state: Valid 
2023-02-07 17:02:27.8643|Microsoft.AspNetCore.Mvc.Infrastructure.ControllerActionInvoker|INFO|Executed action method MockSchoolManagement.Controllers.AccountController.Login (MockSchoolManagement), returned result Microsoft.AspNetCore.Mvc.ViewResult in 0.5584ms. 
2023-02-07 17:02:27.8943|Microsoft.AspNetCore.Mvc.ViewFeatures.ViewResultExecutor|INFO|Executing ViewResult, running view Login. 
2023-02-07 17:02:28.3377|Microsoft.AspNetCore.Mvc.ViewFeatures.ViewResultExecutor|INFO|Executed ViewResult - view Login executed in 461.2001ms. 
2023-02-07 17:02:28.3377|Microsoft.AspNetCore.Mvc.Infrastructure.ControllerActionInvoker|INFO|Executed action MockSchoolManagement.Controllers.AccountController.Login (MockSchoolManagement) in 700.2858ms 
2023-02-07 17:02:28.3571|Microsoft.AspNetCore.Routing.EndpointMiddleware|INFO|Executed endpoint 'MockSchoolManagement.Controllers.AccountController.Login (MockSchoolManagement)' 
2023-02-07 17:02:28.3920|Microsoft.AspNetCore.Hosting.Diagnostics|INFO|Request finished HTTP/1.1 GET http://localhost:13800/Account/Login?ReturnUrl=%2F - - - 200 - text/html;+charset=utf-8 842.6966ms 
2023-02-07 17:02:28.4873|Microsoft.AspNetCore.Hosting.Diagnostics|INFO|Request starting HTTP/1.1 GET http://localhost:13800/_framework/aspnetcore-browser-refresh.js - - 
2023-02-07 17:02:28.4989|Microsoft.AspNetCore.Hosting.Diagnostics|INFO|Request finished HTTP/1.1 GET http://localhost:13800/_framework/aspnetcore-browser-refresh.js - - - 200 12010 application/javascript;+charset=utf-8 11.5604ms 
2023-02-07 17:02:30.8543|Microsoft.AspNetCore.Hosting.Diagnostics|INFO|Request starting HTTP/1.1 POST http://localhost:13800/Account/Login?ReturnUrl=%2F application/x-www-form-urlencoded 245 
2023-02-07 17:02:30.9176|Microsoft.AspNetCore.Routing.EndpointMiddleware|INFO|Executing endpoint 'MockSchoolManagement.Controllers.AccountController.Login (MockSchoolManagement)' 
2023-02-07 17:02:30.9367|Microsoft.AspNetCore.Mvc.Infrastructure.ControllerActionInvoker|INFO|Route matched with {action = "Login", controller = "Account"}. Executing controller action with signature System.Threading.Tasks.Task`1[Microsoft.AspNetCore.Mvc.IActionResult] Login(MockSchoolManagement.ViewModels.LoginViewModel, System.String) on controller MockSchoolManagement.Controllers.AccountController (MockSchoolManagement). 
2023-02-07 17:02:31.2782|Microsoft.AspNetCore.Mvc.Infrastructure.ControllerActionInvoker|INFO|Executing action method MockSchoolManagement.Controllers.AccountController.Login (MockSchoolManagement) - Validation state: Valid 
2023-02-07 17:02:32.4886|Microsoft.EntityFrameworkCore.Database.Command|INFO|Executed DbCommand (67ms) [Parameters=[@__normalizedUserName_0='?' (Size = 256)], CommandType='Text', CommandTimeout='30']
SELECT TOP(1) [a].[Id], [a].[AccessFailedCount], [a].[City], [a].[ConcurrencyStamp], [a].[Email], [a].[EmailConfirmed], [a].[LockoutEnabled], [a].[LockoutEnd], [a].[NormalizedEmail], [a].[NormalizedUserName], [a].[PasswordHash], [a].[PhoneNumber], [a].[PhoneNumberConfirmed], [a].[SecurityStamp], [a].[TwoFactorEnabled], [a].[UserName]
FROM [AspNetUsers] AS [a]
WHERE [a].[NormalizedUserName] = @__normalizedUserName_0 
2023-02-07 17:02:32.8171|Microsoft.EntityFrameworkCore.Database.Command|INFO|Executed DbCommand (17ms) [Parameters=[@__user_Id_0='?' (Size = 450)], CommandType='Text', CommandTimeout='30']
SELECT [a].[Id], [a].[ClaimType], [a].[ClaimValue], [a].[UserId]
FROM [AspNetUserClaims] AS [a]
WHERE [a].[UserId] = @__user_Id_0 
2023-02-07 17:02:32.9961|Microsoft.EntityFrameworkCore.Database.Command|INFO|Executed DbCommand (17ms) [Parameters=[@__userId_0='?' (Size = 450)], CommandType='Text', CommandTimeout='30']
SELECT [a0].[Name]
FROM [AspNetUserRoles] AS [a]
INNER JOIN [AspNetRoles] AS [a0] ON [a].[RoleId] = [a0].[Id]
WHERE [a].[UserId] = @__userId_0 
2023-02-07 17:02:33.1849|Microsoft.EntityFrameworkCore.Database.Command|INFO|Executed DbCommand (13ms) [Parameters=[@__normalizedName_0='?' (Size = 256)], CommandType='Text', CommandTimeout='30']
SELECT TOP(1) [a].[Id], [a].[ConcurrencyStamp], [a].[Name], [a].[NormalizedName]
FROM [AspNetRoles] AS [a]
WHERE [a].[NormalizedName] = @__normalizedName_0 
2023-02-07 17:02:33.3413|Microsoft.EntityFrameworkCore.Database.Command|INFO|Executed DbCommand (13ms) [Parameters=[@__role_Id_0='?' (Size = 450)], CommandType='Text', CommandTimeout='30']
SELECT [a].[ClaimType], [a].[ClaimValue]
FROM [AspNetRoleClaims] AS [a]
WHERE [a].[RoleId] = @__role_Id_0 
2023-02-07 17:02:33.4935|Microsoft.EntityFrameworkCore.Database.Command|INFO|Executed DbCommand (54ms) [Parameters=[@__normalizedName_0='?' (Size = 256)], CommandType='Text', CommandTimeout='30']
SELECT TOP(1) [a].[Id], [a].[ConcurrencyStamp], [a].[Name], [a].[NormalizedName]
FROM [AspNetRoles] AS [a]
WHERE [a].[NormalizedName] = @__normalizedName_0 
2023-02-07 17:02:33.6374|Microsoft.EntityFrameworkCore.Database.Command|INFO|Executed DbCommand (11ms) [Parameters=[@__role_Id_0='?' (Size = 450)], CommandType='Text', CommandTimeout='30']
SELECT [a].[ClaimType], [a].[ClaimValue]
FROM [AspNetRoleClaims] AS [a]
WHERE [a].[RoleId] = @__role_Id_0 
2023-02-07 17:02:33.7474|Microsoft.EntityFrameworkCore.Database.Command|INFO|Executed DbCommand (12ms) [Parameters=[@__normalizedName_0='?' (Size = 256)], CommandType='Text', CommandTimeout='30']
SELECT TOP(1) [a].[Id], [a].[ConcurrencyStamp], [a].[Name], [a].[NormalizedName]
FROM [AspNetRoles] AS [a]
WHERE [a].[NormalizedName] = @__normalizedName_0 
2023-02-07 17:02:33.8579|Microsoft.EntityFrameworkCore.Database.Command|INFO|Executed DbCommand (11ms) [Parameters=[@__role_Id_0='?' (Size = 450)], CommandType='Text', CommandTimeout='30']
SELECT [a].[ClaimType], [a].[ClaimValue]
FROM [AspNetRoleClaims] AS [a]
WHERE [a].[RoleId] = @__role_Id_0 
2023-02-07 17:02:33.9022|Microsoft.AspNetCore.Authentication.Cookies.CookieAuthenticationHandler|INFO|AuthenticationScheme: Identity.Application signed in. 
2023-02-07 17:02:33.9199|Microsoft.AspNetCore.Mvc.Infrastructure.ControllerActionInvoker|INFO|Executed action method MockSchoolManagement.Controllers.AccountController.Login (MockSchoolManagement), returned result Microsoft.AspNetCore.Mvc.LocalRedirectResult in 2632.9212ms. 
2023-02-07 17:02:33.9402|Microsoft.AspNetCore.Mvc.Infrastructure.LocalRedirectResultExecutor|INFO|Executing LocalRedirectResult, redirecting to /. 
2023-02-07 17:02:33.9615|Microsoft.AspNetCore.Mvc.Infrastructure.ControllerActionInvoker|INFO|Executed action MockSchoolManagement.Controllers.AccountController.Login (MockSchoolManagement) in 2944.7674ms 
2023-02-07 17:02:33.9801|Microsoft.AspNetCore.Routing.EndpointMiddleware|INFO|Executed endpoint 'MockSchoolManagement.Controllers.AccountController.Login (MockSchoolManagement)' 
2023-02-07 17:02:34.0022|Microsoft.AspNetCore.Hosting.Diagnostics|INFO|Request finished HTTP/1.1 POST http://localhost:13800/Account/Login?ReturnUrl=%2F application/x-www-form-urlencoded 245 - 302 - - 3147.8653ms 
2023-02-07 17:02:34.0289|Microsoft.AspNetCore.Hosting.Diagnostics|INFO|Request starting HTTP/1.1 GET http://localhost:13800/ - - 
2023-02-07 17:02:34.0748|Microsoft.AspNetCore.Routing.EndpointMiddleware|INFO|Executing endpoint 'MockSchoolManagement.Controllers.HomeController.Index (MockSchoolManagement)' 
2023-02-07 17:02:34.0748|Microsoft.AspNetCore.Mvc.Infrastructure.ControllerActionInvoker|INFO|Route matched with {action = "Index", controller = "Home"}. Executing controller action with signature Microsoft.AspNetCore.Mvc.IActionResult Index() on controller MockSchoolManagement.Controllers.HomeController (MockSchoolManagement). 
2023-02-07 17:02:34.1710|Microsoft.AspNetCore.Mvc.Infrastructure.ControllerActionInvoker|INFO|Executing action method MockSchoolManagement.Controllers.HomeController.Index (MockSchoolManagement) - Validation state: Valid 
2023-02-07 17:02:34.1823|MockSchoolManagement.DataRepositories.SQLStudentRepository|INFO|学生信息 信息(Information) Log 
2023-02-07 17:02:34.2051|MockSchoolManagement.DataRepositories.SQLStudentRepository|WARN|学生信息 警告(Warning) Log 
2023-02-07 17:02:34.2168|MockSchoolManagement.DataRepositories.SQLStudentRepository|ERROR|学生信息 错误(Error) Log 
2023-02-07 17:02:34.2168|MockSchoolManagement.DataRepositories.SQLStudentRepository|FATAL|学生信息 严重(Critical) Log 
2023-02-07 17:02:34.2463|Microsoft.AspNetCore.Mvc.Infrastructure.ControllerActionInvoker|INFO|Executed action method MockSchoolManagement.Controllers.HomeController.Index (MockSchoolManagement), returned result Microsoft.AspNetCore.Mvc.ViewResult in 64.4729ms. 
2023-02-07 17:02:34.2733|Microsoft.AspNetCore.Mvc.ViewFeatures.ViewResultExecutor|INFO|Executing ViewResult, running view Index. 
2023-02-07 17:02:34.4157|Microsoft.EntityFrameworkCore.Database.Command|INFO|Executed DbCommand (15ms) [Parameters=[], CommandType='Text', CommandTimeout='30']
SELECT [s].[Id], [s].[Email], [s].[Major], [s].[Name], [s].[PhotoPath]
FROM [Students] AS [s] 
2023-02-07 17:02:35.2474|Microsoft.AspNetCore.Mvc.ViewFeatures.ViewResultExecutor|INFO|Executed ViewResult - view Index executed in 989.1254ms. 
2023-02-07 17:02:35.2474|Microsoft.AspNetCore.Mvc.Infrastructure.ControllerActionInvoker|INFO|Executed action MockSchoolManagement.Controllers.HomeController.Index (MockSchoolManagement) in 1127.5823ms 
2023-02-07 17:02:35.2671|Microsoft.AspNetCore.Routing.EndpointMiddleware|INFO|Executed endpoint 'MockSchoolManagement.Controllers.HomeController.Index (MockSchoolManagement)' 
2023-02-07 17:02:35.2753|Microsoft.AspNetCore.Hosting.Diagnostics|INFO|Request finished HTTP/1.1 GET http://localhost:13800/ - - - 200 - text/html;+charset=utf-8 1260.6800ms 
2023-02-07 17:02:35.4296|Microsoft.AspNetCore.Hosting.Diagnostics|INFO|Request starting HTTP/1.1 GET http://localhost:13800/images/avatars/cd0b6263-d60a-4ac7-bcec-49eebd3a0ea6_noimage.png?v=Kfghq_Gn2vQ5z_fnXzFmmUh3-5_2MfE_leJX9rViNiM - - 
2023-02-07 17:02:35.4380|Microsoft.AspNetCore.Hosting.Diagnostics|INFO|Request starting HTTP/1.1 GET http://localhost:13800/_framework/aspnetcore-browser-refresh.js - - 
2023-02-07 17:02:35.4614|Microsoft.AspNetCore.Hosting.Diagnostics|INFO|Request starting HTTP/1.1 GET http://localhost:13800/images/noimage.png?v=Kfghq_Gn2vQ5z_fnXzFmmUh3-5_2MfE_leJX9rViNiM - - 
2023-02-07 17:02:35.4970|Microsoft.AspNetCore.Hosting.Diagnostics|INFO|Request finished HTTP/1.1 GET http://localhost:13800/_framework/aspnetcore-browser-refresh.js - - - 200 12010 application/javascript;+charset=utf-8 58.9690ms 
2023-02-07 17:02:35.5581|Microsoft.AspNetCore.Diagnostics.ExceptionHandlerMiddleware|ERROR|An unhandled exception has occurred while executing the request. System.InvalidOperationException: StatusCode cannot be set because the response has already started.
   at Microsoft.AspNetCore.Server.IIS.Core.IISHttpContext.ThrowResponseAlreadyStartedException(String name)
   at Microsoft.AspNetCore.Server.IIS.Core.IISHttpContext.set_StatusCode(Int32 value)
   at Microsoft.AspNetCore.StaticFiles.StaticFileContext.ApplyResponseHeaders(Int32 statusCode)
   at Microsoft.AspNetCore.StaticFiles.StaticFileContext.SendAsync()
   at Microsoft.AspNetCore.StaticFiles.StaticFileContext.ServeStaticFile(HttpContext context, RequestDelegate next)
   at MockSchoolManagement.Program.<>c.<<Main>b__0_3>d.MoveNext() in E:\Asp.Net Core\GitWorkSpace\MockSchoolManagement\MockSchoolManagement\Program.cs:line 115
--- End of stack trace from previous location ---
   at Microsoft.AspNetCore.Diagnostics.StatusCodePagesMiddleware.Invoke(HttpContext context)
   at Microsoft.AspNetCore.Diagnostics.ExceptionHandlerMiddlewareImpl.<Invoke>g__Awaited|8_0(ExceptionHandlerMiddlewareImpl middleware, HttpContext context, Task task)
2023-02-07 17:02:35.5581|Microsoft.AspNetCore.Diagnostics.ExceptionHandlerMiddleware|ERROR|An unhandled exception has occurred while executing the request. System.InvalidOperationException: StatusCode cannot be set because the response has already started.
   at Microsoft.AspNetCore.Server.IIS.Core.IISHttpContext.ThrowResponseAlreadyStartedException(String name)
   at Microsoft.AspNetCore.Server.IIS.Core.IISHttpContext.set_StatusCode(Int32 value)
   at Microsoft.AspNetCore.StaticFiles.StaticFileContext.ApplyResponseHeaders(Int32 statusCode)
   at Microsoft.AspNetCore.StaticFiles.StaticFileContext.SendAsync()
   at Microsoft.AspNetCore.StaticFiles.StaticFileContext.ServeStaticFile(HttpContext context, RequestDelegate next)
   at MockSchoolManagement.Program.<>c.<<Main>b__0_3>d.MoveNext() in E:\Asp.Net Core\GitWorkSpace\MockSchoolManagement\MockSchoolManagement\Program.cs:line 115
--- End of stack trace from previous location ---
   at Microsoft.AspNetCore.Diagnostics.StatusCodePagesMiddleware.Invoke(HttpContext context)
   at Microsoft.AspNetCore.Diagnostics.ExceptionHandlerMiddlewareImpl.<Invoke>g__Awaited|8_0(ExceptionHandlerMiddlewareImpl middleware, HttpContext context, Task task)
2023-02-07 17:02:35.5802|Microsoft.AspNetCore.Diagnostics.ExceptionHandlerMiddleware|WARN|The response has already started, the error handler will not be executed. 
2023-02-07 17:02:35.5802|Microsoft.AspNetCore.Diagnostics.ExceptionHandlerMiddleware|WARN|The response has already started, the error handler will not be executed. 
2023-02-07 17:02:35.5987|Microsoft.AspNetCore.Diagnostics.DeveloperExceptionPageMiddleware|ERROR|An unhandled exception has occurred while executing the request. System.InvalidOperationException: StatusCode cannot be set because the response has already started.
   at Microsoft.AspNetCore.Server.IIS.Core.IISHttpContext.ThrowResponseAlreadyStartedException(String name)
   at Microsoft.AspNetCore.Server.IIS.Core.IISHttpContext.set_StatusCode(Int32 value)
   at Microsoft.AspNetCore.StaticFiles.StaticFileContext.ApplyResponseHeaders(Int32 statusCode)
   at Microsoft.AspNetCore.StaticFiles.StaticFileContext.SendAsync()
   at Microsoft.AspNetCore.StaticFiles.StaticFileContext.ServeStaticFile(HttpContext context, RequestDelegate next)
   at MockSchoolManagement.Program.<>c.<<Main>b__0_3>d.MoveNext() in E:\Asp.Net Core\GitWorkSpace\MockSchoolManagement\MockSchoolManagement\Program.cs:line 115
--- End of stack trace from previous location ---
   at Microsoft.AspNetCore.Diagnostics.StatusCodePagesMiddleware.Invoke(HttpContext context)
   at Microsoft.AspNetCore.Diagnostics.ExceptionHandlerMiddlewareImpl.<Invoke>g__Awaited|8_0(ExceptionHandlerMiddlewareImpl middleware, HttpContext context, Task task)
   at Microsoft.AspNetCore.Diagnostics.ExceptionHandlerMiddlewareImpl.HandleException(HttpContext context, ExceptionDispatchInfo edi)
   at Microsoft.AspNetCore.Diagnostics.ExceptionHandlerMiddlewareImpl.<Invoke>g__Awaited|8_0(ExceptionHandlerMiddlewareImpl middleware, HttpContext context, Task task)
   at Microsoft.AspNetCore.Diagnostics.DeveloperExceptionPageMiddlewareImpl.Invoke(HttpContext context)
2023-02-07 17:02:35.5987|Microsoft.AspNetCore.Diagnostics.DeveloperExceptionPageMiddleware|ERROR|An unhandled exception has occurred while executing the request. System.InvalidOperationException: StatusCode cannot be set because the response has already started.
   at Microsoft.AspNetCore.Server.IIS.Core.IISHttpContext.ThrowResponseAlreadyStartedException(String name)
   at Microsoft.AspNetCore.Server.IIS.Core.IISHttpContext.set_StatusCode(Int32 value)
   at Microsoft.AspNetCore.StaticFiles.StaticFileContext.ApplyResponseHeaders(Int32 statusCode)
   at Microsoft.AspNetCore.StaticFiles.StaticFileContext.SendAsync()
   at Microsoft.AspNetCore.StaticFiles.StaticFileContext.ServeStaticFile(HttpContext context, RequestDelegate next)
   at MockSchoolManagement.Program.<>c.<<Main>b__0_3>d.MoveNext() in E:\Asp.Net Core\GitWorkSpace\MockSchoolManagement\MockSchoolManagement\Program.cs:line 115
--- End of stack trace from previous location ---
   at Microsoft.AspNetCore.Diagnostics.StatusCodePagesMiddleware.Invoke(HttpContext context)
   at Microsoft.AspNetCore.Diagnostics.ExceptionHandlerMiddlewareImpl.<Invoke>g__Awaited|8_0(ExceptionHandlerMiddlewareImpl middleware, HttpContext context, Task task)
   at Microsoft.AspNetCore.Diagnostics.ExceptionHandlerMiddlewareImpl.HandleException(HttpContext context, ExceptionDispatchInfo edi)
   at Microsoft.AspNetCore.Diagnostics.ExceptionHandlerMiddlewareImpl.<Invoke>g__Awaited|8_0(ExceptionHandlerMiddlewareImpl middleware, HttpContext context, Task task)
   at Microsoft.AspNetCore.Diagnostics.DeveloperExceptionPageMiddlewareImpl.Invoke(HttpContext context)
2023-02-07 17:02:35.6148|Microsoft.AspNetCore.Diagnostics.DeveloperExceptionPageMiddleware|WARN|The response has already started, the error page middleware will not be executed. 
2023-02-07 17:02:35.6215|Microsoft.AspNetCore.Diagnostics.DeveloperExceptionPageMiddleware|WARN|The response has already started, the error page middleware will not be executed. 
2023-02-07 17:02:35.6215|Microsoft.AspNetCore.Server.IIS.Core.IISHttpServer|ERROR|Connection ID "18230571326760812545", Request ID "40000002-0008-fd00-b63f-84710c7967bb": An unhandled exception was thrown by the application. System.InvalidOperationException: StatusCode cannot be set because the response has already started.
   at Microsoft.AspNetCore.Server.IIS.Core.IISHttpContext.ThrowResponseAlreadyStartedException(String name)
   at Microsoft.AspNetCore.Server.IIS.Core.IISHttpContext.set_StatusCode(Int32 value)
   at Microsoft.AspNetCore.StaticFiles.StaticFileContext.ApplyResponseHeaders(Int32 statusCode)
   at Microsoft.AspNetCore.StaticFiles.StaticFileContext.SendAsync()
   at Microsoft.AspNetCore.StaticFiles.StaticFileContext.ServeStaticFile(HttpContext context, RequestDelegate next)
   at MockSchoolManagement.Program.<>c.<<Main>b__0_3>d.MoveNext() in E:\Asp.Net Core\GitWorkSpace\MockSchoolManagement\MockSchoolManagement\Program.cs:line 115
--- End of stack trace from previous location ---
   at Microsoft.AspNetCore.Diagnostics.StatusCodePagesMiddleware.Invoke(HttpContext context)
   at Microsoft.AspNetCore.Diagnostics.ExceptionHandlerMiddlewareImpl.<Invoke>g__Awaited|8_0(ExceptionHandlerMiddlewareImpl middleware, HttpContext context, Task task)
   at Microsoft.AspNetCore.Diagnostics.ExceptionHandlerMiddlewareImpl.HandleException(HttpContext context, ExceptionDispatchInfo edi)
   at Microsoft.AspNetCore.Diagnostics.ExceptionHandlerMiddlewareImpl.<Invoke>g__Awaited|8_0(ExceptionHandlerMiddlewareImpl middleware, HttpContext context, Task task)
   at Microsoft.AspNetCore.Diagnostics.DeveloperExceptionPageMiddlewareImpl.Invoke(HttpContext context)
   at Microsoft.AspNetCore.Diagnostics.DeveloperExceptionPageMiddlewareImpl.Invoke(HttpContext context)
   at Microsoft.AspNetCore.Watch.BrowserRefresh.BrowserRefreshMiddleware.InvokeAsync(HttpContext context)
   at Microsoft.AspNetCore.Server.IIS.Core.IISHttpContextOfT`1.ProcessRequestAsync()
2023-02-07 17:02:35.6215|Microsoft.AspNetCore.Server.IIS.Core.IISHttpServer|ERROR|Connection ID "18302628903618871315", Request ID "40000019-0004-fe00-b63f-84710c7967bb": An unhandled exception was thrown by the application. System.InvalidOperationException: StatusCode cannot be set because the response has already started.
   at Microsoft.AspNetCore.Server.IIS.Core.IISHttpContext.ThrowResponseAlreadyStartedException(String name)
   at Microsoft.AspNetCore.Server.IIS.Core.IISHttpContext.set_StatusCode(Int32 value)
   at Microsoft.AspNetCore.StaticFiles.StaticFileContext.ApplyResponseHeaders(Int32 statusCode)
   at Microsoft.AspNetCore.StaticFiles.StaticFileContext.SendAsync()
   at Microsoft.AspNetCore.StaticFiles.StaticFileContext.ServeStaticFile(HttpContext context, RequestDelegate next)
   at MockSchoolManagement.Program.<>c.<<Main>b__0_3>d.MoveNext() in E:\Asp.Net Core\GitWorkSpace\MockSchoolManagement\MockSchoolManagement\Program.cs:line 115
--- End of stack trace from previous location ---
   at Microsoft.AspNetCore.Diagnostics.StatusCodePagesMiddleware.Invoke(HttpContext context)
   at Microsoft.AspNetCore.Diagnostics.ExceptionHandlerMiddlewareImpl.<Invoke>g__Awaited|8_0(ExceptionHandlerMiddlewareImpl middleware, HttpContext context, Task task)
   at Microsoft.AspNetCore.Diagnostics.ExceptionHandlerMiddlewareImpl.HandleException(HttpContext context, ExceptionDispatchInfo edi)
   at Microsoft.AspNetCore.Diagnostics.ExceptionHandlerMiddlewareImpl.<Invoke>g__Awaited|8_0(ExceptionHandlerMiddlewareImpl middleware, HttpContext context, Task task)
   at Microsoft.AspNetCore.Diagnostics.DeveloperExceptionPageMiddlewareImpl.Invoke(HttpContext context)
   at Microsoft.AspNetCore.Diagnostics.DeveloperExceptionPageMiddlewareImpl.Invoke(HttpContext context)
   at Microsoft.AspNetCore.Watch.BrowserRefresh.BrowserRefreshMiddleware.InvokeAsync(HttpContext context)
   at Microsoft.AspNetCore.Server.IIS.Core.IISHttpContextOfT`1.ProcessRequestAsync()
2023-02-07 17:02:35.6453|Microsoft.AspNetCore.Hosting.Diagnostics|INFO|Request finished HTTP/1.1 GET http://localhost:13800/images/noimage.png?v=Kfghq_Gn2vQ5z_fnXzFmmUh3-5_2MfE_leJX9rViNiM - - - 200 - - 183.9311ms 
2023-02-07 17:02:35.6518|Microsoft.AspNetCore.Hosting.Diagnostics|INFO|Request finished HTTP/1.1 GET http://localhost:13800/images/avatars/cd0b6263-d60a-4ac7-bcec-49eebd3a0ea6_noimage.png?v=Kfghq_Gn2vQ5z_fnXzFmmUh3-5_2MfE_leJX9rViNiM - - - 200 - - 222.1786ms 
2023-02-07 17:02:45.4111|Microsoft.AspNetCore.DataProtection.KeyManagement.XmlKeyManager|INFO|User profile is available. Using 'C:\Users\anson\AppData\Local\ASP.NET\DataProtection-Keys' as key repository and Windows DPAPI to encrypt keys at rest. 
2023-02-07 17:02:45.6666|Microsoft.Hosting.Lifetime|INFO|Now listening on: http://localhost:5068 
2023-02-07 17:02:45.6980|Microsoft.Hosting.Lifetime|INFO|Application started. Press Ctrl+C to shut down. 
2023-02-07 17:02:45.6980|Microsoft.Hosting.Lifetime|INFO|Hosting environment: Development 
2023-02-07 17:02:45.7148|Microsoft.Hosting.Lifetime|INFO|Content root path: E:\Asp.Net Core\GitWorkSpace\MockSchoolManagement\MockSchoolManagement 
2023-02-07 17:02:46.3624|Microsoft.AspNetCore.Hosting.Diagnostics|INFO|Request starting HTTP/1.1 GET http://localhost:5068/ - - 
2023-02-07 17:02:46.5607|Microsoft.AspNetCore.Routing.EndpointMiddleware|INFO|Executing endpoint 'MockSchoolManagement.Controllers.HomeController.Index (MockSchoolManagement)' 
2023-02-07 17:02:46.5850|Microsoft.AspNetCore.Mvc.Infrastructure.ControllerActionInvoker|INFO|Route matched with {action = "Index", controller = "Home"}. Executing controller action with signature Microsoft.AspNetCore.Mvc.IActionResult Index() on controller MockSchoolManagement.Controllers.HomeController (MockSchoolManagement). 
2023-02-07 17:02:46.6987|Microsoft.AspNetCore.Mvc.Infrastructure.ControllerActionInvoker|INFO|Executing action method MockSchoolManagement.Controllers.HomeController.Index (MockSchoolManagement) - Validation state: Valid 
2023-02-07 17:02:46.7323|MockSchoolManagement.DataRepositories.SQLStudentRepository|INFO|学生信息 信息(Information) Log 
2023-02-07 17:02:46.7323|MockSchoolManagement.DataRepositories.SQLStudentRepository|WARN|学生信息 警告(Warning) Log 
2023-02-07 17:02:46.7516|MockSchoolManagement.DataRepositories.SQLStudentRepository|ERROR|学生信息 错误(Error) Log 
2023-02-07 17:02:46.7621|MockSchoolManagement.DataRepositories.SQLStudentRepository|FATAL|学生信息 严重(Critical) Log 
2023-02-07 17:02:46.7764|Microsoft.AspNetCore.Mvc.Infrastructure.ControllerActionInvoker|INFO|Executed action method MockSchoolManagement.Controllers.HomeController.Index (MockSchoolManagement), returned result Microsoft.AspNetCore.Mvc.ViewResult in 64.34ms. 
2023-02-07 17:02:46.8072|Microsoft.AspNetCore.Mvc.ViewFeatures.ViewResultExecutor|INFO|Executing ViewResult, running view Index. 
2023-02-07 17:02:47.7157|Microsoft.EntityFrameworkCore.Database.Command|INFO|Executed DbCommand (31ms) [Parameters=[], CommandType='Text', CommandTimeout='30']
SELECT [s].[Id], [s].[Email], [s].[Major], [s].[Name], [s].[PhotoPath]
FROM [Students] AS [s] 
2023-02-07 17:02:48.5235|Microsoft.AspNetCore.Mvc.ViewFeatures.ViewResultExecutor|INFO|Executed ViewResult - view Index executed in 1733.5362ms. 
2023-02-07 17:02:48.5390|Microsoft.AspNetCore.Mvc.Infrastructure.ControllerActionInvoker|INFO|Executed action MockSchoolManagement.Controllers.HomeController.Index (MockSchoolManagement) in 1900.4419ms 
2023-02-07 17:02:48.5584|Microsoft.AspNetCore.Routing.EndpointMiddleware|INFO|Executed endpoint 'MockSchoolManagement.Controllers.HomeController.Index (MockSchoolManagement)' 
2023-02-07 17:02:48.6168|Microsoft.AspNetCore.Hosting.Diagnostics|INFO|Request finished HTTP/1.1 GET http://localhost:5068/ - - - 200 - text/html;+charset=utf-8 2255.7323ms 
2023-02-07 17:02:48.7043|Microsoft.AspNetCore.Hosting.Diagnostics|INFO|Request starting HTTP/1.1 GET http://localhost:5068/_framework/aspnetcore-browser-refresh.js - - 
2023-02-07 17:02:48.7138|Microsoft.AspNetCore.Hosting.Diagnostics|INFO|Request starting HTTP/1.1 GET http://localhost:5068/images/avatars/cd0b6263-d60a-4ac7-bcec-49eebd3a0ea6_noimage.png?v=Kfghq_Gn2vQ5z_fnXzFmmUh3-5_2MfE_leJX9rViNiM - - 
2023-02-07 17:02:48.7715|Microsoft.AspNetCore.Hosting.Diagnostics|INFO|Request finished HTTP/1.1 GET http://localhost:5068/_framework/aspnetcore-browser-refresh.js - - - 200 12010 application/javascript;+charset=utf-8 62.2052ms 
2023-02-07 17:02:48.7958|Microsoft.AspNetCore.Hosting.Diagnostics|INFO|Request starting HTTP/1.1 GET http://localhost:5068/images/noimage.png?v=Kfghq_Gn2vQ5z_fnXzFmmUh3-5_2MfE_leJX9rViNiM - - 
2023-02-07 17:02:48.7958|Microsoft.AspNetCore.Diagnostics.ExceptionHandlerMiddleware|ERROR|An unhandled exception has occurred while executing the request. System.InvalidOperationException: StatusCode cannot be set because the response has already started.
   at Microsoft.AspNetCore.Server.Kestrel.Core.Internal.Http.HttpProtocol.ThrowResponseAlreadyStartedException(String value)
   at Microsoft.AspNetCore.Server.Kestrel.Core.Internal.Http.HttpProtocol.set_StatusCode(Int32 value)
   at Microsoft.AspNetCore.StaticFiles.StaticFileContext.ApplyResponseHeaders(Int32 statusCode)
   at Microsoft.AspNetCore.StaticFiles.StaticFileContext.SendAsync()
   at Microsoft.AspNetCore.StaticFiles.StaticFileContext.ServeStaticFile(HttpContext context, RequestDelegate next)
   at MockSchoolManagement.Program.<>c.<<Main>b__0_3>d.MoveNext() in E:\Asp.Net Core\GitWorkSpace\MockSchoolManagement\MockSchoolManagement\Program.cs:line 115
--- End of stack trace from previous location ---
   at Microsoft.AspNetCore.Diagnostics.StatusCodePagesMiddleware.Invoke(HttpContext context)
   at Microsoft.AspNetCore.Diagnostics.ExceptionHandlerMiddlewareImpl.<Invoke>g__Awaited|8_0(ExceptionHandlerMiddlewareImpl middleware, HttpContext context, Task task)
2023-02-07 17:02:48.8811|Microsoft.AspNetCore.Diagnostics.ExceptionHandlerMiddleware|ERROR|An unhandled exception has occurred while executing the request. System.InvalidOperationException: StatusCode cannot be set because the response has already started.
   at Microsoft.AspNetCore.Server.Kestrel.Core.Internal.Http.HttpProtocol.ThrowResponseAlreadyStartedException(String value)
   at Microsoft.AspNetCore.Server.Kestrel.Core.Internal.Http.HttpProtocol.set_StatusCode(Int32 value)
   at Microsoft.AspNetCore.StaticFiles.StaticFileContext.ApplyResponseHeaders(Int32 statusCode)
   at Microsoft.AspNetCore.StaticFiles.StaticFileContext.SendAsync()
   at Microsoft.AspNetCore.StaticFiles.StaticFileContext.ServeStaticFile(HttpContext context, RequestDelegate next)
   at MockSchoolManagement.Program.<>c.<<Main>b__0_3>d.MoveNext() in E:\Asp.Net Core\GitWorkSpace\MockSchoolManagement\MockSchoolManagement\Program.cs:line 115
--- End of stack trace from previous location ---
   at Microsoft.AspNetCore.Diagnostics.StatusCodePagesMiddleware.Invoke(HttpContext context)
   at Microsoft.AspNetCore.Diagnostics.ExceptionHandlerMiddlewareImpl.<Invoke>g__Awaited|8_0(ExceptionHandlerMiddlewareImpl middleware, HttpContext context, Task task)
2023-02-07 17:02:48.9005|Microsoft.AspNetCore.Diagnostics.ExceptionHandlerMiddleware|WARN|The response has already started, the error handler will not be executed. 
2023-02-07 17:02:48.9263|Microsoft.AspNetCore.Diagnostics.ExceptionHandlerMiddleware|WARN|The response has already started, the error handler will not be executed. 
2023-02-07 17:02:48.9366|Microsoft.AspNetCore.Diagnostics.DeveloperExceptionPageMiddleware|ERROR|An unhandled exception has occurred while executing the request. System.InvalidOperationException: StatusCode cannot be set because the response has already started.
   at Microsoft.AspNetCore.Server.Kestrel.Core.Internal.Http.HttpProtocol.ThrowResponseAlreadyStartedException(String value)
   at Microsoft.AspNetCore.Server.Kestrel.Core.Internal.Http.HttpProtocol.set_StatusCode(Int32 value)
   at Microsoft.AspNetCore.StaticFiles.StaticFileContext.ApplyResponseHeaders(Int32 statusCode)
   at Microsoft.AspNetCore.StaticFiles.StaticFileContext.SendAsync()
   at Microsoft.AspNetCore.StaticFiles.StaticFileContext.ServeStaticFile(HttpContext context, RequestDelegate next)
   at MockSchoolManagement.Program.<>c.<<Main>b__0_3>d.MoveNext() in E:\Asp.Net Core\GitWorkSpace\MockSchoolManagement\MockSchoolManagement\Program.cs:line 115
--- End of stack trace from previous location ---
   at Microsoft.AspNetCore.Diagnostics.StatusCodePagesMiddleware.Invoke(HttpContext context)
   at Microsoft.AspNetCore.Diagnostics.ExceptionHandlerMiddlewareImpl.<Invoke>g__Awaited|8_0(ExceptionHandlerMiddlewareImpl middleware, HttpContext context, Task task)
   at Microsoft.AspNetCore.Diagnostics.ExceptionHandlerMiddlewareImpl.HandleException(HttpContext context, ExceptionDispatchInfo edi)
   at Microsoft.AspNetCore.Diagnostics.ExceptionHandlerMiddlewareImpl.<Invoke>g__Awaited|8_0(ExceptionHandlerMiddlewareImpl middleware, HttpContext context, Task task)
   at Microsoft.AspNetCore.Diagnostics.DeveloperExceptionPageMiddlewareImpl.Invoke(HttpContext context)
2023-02-07 17:02:48.9796|Microsoft.AspNetCore.Diagnostics.DeveloperExceptionPageMiddleware|ERROR|An unhandled exception has occurred while executing the request. System.InvalidOperationException: StatusCode cannot be set because the response has already started.
   at Microsoft.AspNetCore.Server.Kestrel.Core.Internal.Http.HttpProtocol.ThrowResponseAlreadyStartedException(String value)
   at Microsoft.AspNetCore.Server.Kestrel.Core.Internal.Http.HttpProtocol.set_StatusCode(Int32 value)
   at Microsoft.AspNetCore.StaticFiles.StaticFileContext.ApplyResponseHeaders(Int32 statusCode)
   at Microsoft.AspNetCore.StaticFiles.StaticFileContext.SendAsync()
   at Microsoft.AspNetCore.StaticFiles.StaticFileContext.ServeStaticFile(HttpContext context, RequestDelegate next)
   at MockSchoolManagement.Program.<>c.<<Main>b__0_3>d.MoveNext() in E:\Asp.Net Core\GitWorkSpace\MockSchoolManagement\MockSchoolManagement\Program.cs:line 115
--- End of stack trace from previous location ---
   at Microsoft.AspNetCore.Diagnostics.StatusCodePagesMiddleware.Invoke(HttpContext context)
   at Microsoft.AspNetCore.Diagnostics.ExceptionHandlerMiddlewareImpl.<Invoke>g__Awaited|8_0(ExceptionHandlerMiddlewareImpl middleware, HttpContext context, Task task)
   at Microsoft.AspNetCore.Diagnostics.ExceptionHandlerMiddlewareImpl.HandleException(HttpContext context, ExceptionDispatchInfo edi)
   at Microsoft.AspNetCore.Diagnostics.ExceptionHandlerMiddlewareImpl.<Invoke>g__Awaited|8_0(ExceptionHandlerMiddlewareImpl middleware, HttpContext context, Task task)
   at Microsoft.AspNetCore.Diagnostics.DeveloperExceptionPageMiddlewareImpl.Invoke(HttpContext context)
2023-02-07 17:02:48.9949|Microsoft.AspNetCore.Diagnostics.DeveloperExceptionPageMiddleware|WARN|The response has already started, the error page middleware will not be executed. 
2023-02-07 17:02:49.0111|Microsoft.AspNetCore.Diagnostics.DeveloperExceptionPageMiddleware|WARN|The response has already started, the error page middleware will not be executed. 
2023-02-07 17:02:49.0111|Microsoft.AspNetCore.Server.Kestrel|ERROR|Connection id "0HMO8T8A6M36O", Request id "0HMO8T8A6M36O:00000001": An unhandled exception was thrown by the application. System.InvalidOperationException: StatusCode cannot be set because the response has already started.
   at Microsoft.AspNetCore.Server.Kestrel.Core.Internal.Http.HttpProtocol.ThrowResponseAlreadyStartedException(String value)
   at Microsoft.AspNetCore.Server.Kestrel.Core.Internal.Http.HttpProtocol.set_StatusCode(Int32 value)
   at Microsoft.AspNetCore.StaticFiles.StaticFileContext.ApplyResponseHeaders(Int32 statusCode)
   at Microsoft.AspNetCore.StaticFiles.StaticFileContext.SendAsync()
   at Microsoft.AspNetCore.StaticFiles.StaticFileContext.ServeStaticFile(HttpContext context, RequestDelegate next)
   at MockSchoolManagement.Program.<>c.<<Main>b__0_3>d.MoveNext() in E:\Asp.Net Core\GitWorkSpace\MockSchoolManagement\MockSchoolManagement\Program.cs:line 115
--- End of stack trace from previous location ---
   at Microsoft.AspNetCore.Diagnostics.StatusCodePagesMiddleware.Invoke(HttpContext context)
   at Microsoft.AspNetCore.Diagnostics.ExceptionHandlerMiddlewareImpl.<Invoke>g__Awaited|8_0(ExceptionHandlerMiddlewareImpl middleware, HttpContext context, Task task)
   at Microsoft.AspNetCore.Diagnostics.ExceptionHandlerMiddlewareImpl.HandleException(HttpContext context, ExceptionDispatchInfo edi)
   at Microsoft.AspNetCore.Diagnostics.ExceptionHandlerMiddlewareImpl.<Invoke>g__Awaited|8_0(ExceptionHandlerMiddlewareImpl middleware, HttpContext context, Task task)
   at Microsoft.AspNetCore.Diagnostics.DeveloperExceptionPageMiddlewareImpl.Invoke(HttpContext context)
   at Microsoft.AspNetCore.Diagnostics.DeveloperExceptionPageMiddlewareImpl.Invoke(HttpContext context)
   at Microsoft.AspNetCore.Watch.BrowserRefresh.BrowserRefreshMiddleware.InvokeAsync(HttpContext context)
   at Microsoft.AspNetCore.Server.Kestrel.Core.Internal.Http.HttpProtocol.ProcessRequests[TContext](IHttpApplication`1 application)
2023-02-07 17:02:49.0536|Microsoft.AspNetCore.Server.Kestrel|ERROR|Connection id "0HMO8T8A6M36P", Request id "0HMO8T8A6M36P:00000001": An unhandled exception was thrown by the application. System.InvalidOperationException: StatusCode cannot be set because the response has already started.
   at Microsoft.AspNetCore.Server.Kestrel.Core.Internal.Http.HttpProtocol.ThrowResponseAlreadyStartedException(String value)
   at Microsoft.AspNetCore.Server.Kestrel.Core.Internal.Http.HttpProtocol.set_StatusCode(Int32 value)
   at Microsoft.AspNetCore.StaticFiles.StaticFileContext.ApplyResponseHeaders(Int32 statusCode)
   at Microsoft.AspNetCore.StaticFiles.StaticFileContext.SendAsync()
   at Microsoft.AspNetCore.StaticFiles.StaticFileContext.ServeStaticFile(HttpContext context, RequestDelegate next)
   at MockSchoolManagement.Program.<>c.<<Main>b__0_3>d.MoveNext() in E:\Asp.Net Core\GitWorkSpace\MockSchoolManagement\MockSchoolManagement\Program.cs:line 115
--- End of stack trace from previous location ---
   at Microsoft.AspNetCore.Diagnostics.StatusCodePagesMiddleware.Invoke(HttpContext context)
   at Microsoft.AspNetCore.Diagnostics.ExceptionHandlerMiddlewareImpl.<Invoke>g__Awaited|8_0(ExceptionHandlerMiddlewareImpl middleware, HttpContext context, Task task)
   at Microsoft.AspNetCore.Diagnostics.ExceptionHandlerMiddlewareImpl.HandleException(HttpContext context, ExceptionDispatchInfo edi)
   at Microsoft.AspNetCore.Diagnostics.ExceptionHandlerMiddlewareImpl.<Invoke>g__Awaited|8_0(ExceptionHandlerMiddlewareImpl middleware, HttpContext context, Task task)
   at Microsoft.AspNetCore.Diagnostics.DeveloperExceptionPageMiddlewareImpl.Invoke(HttpContext context)
   at Microsoft.AspNetCore.Diagnostics.DeveloperExceptionPageMiddlewareImpl.Invoke(HttpContext context)
   at Microsoft.AspNetCore.Watch.BrowserRefresh.BrowserRefreshMiddleware.InvokeAsync(HttpContext context)
   at Microsoft.AspNetCore.Server.Kestrel.Core.Internal.Http.HttpProtocol.ProcessRequests[TContext](IHttpApplication`1 application)
2023-02-07 17:02:49.0774|Microsoft.AspNetCore.Hosting.Diagnostics|INFO|Request finished HTTP/1.1 GET http://localhost:5068/images/avatars/cd0b6263-d60a-4ac7-bcec-49eebd3a0ea6_noimage.png?v=Kfghq_Gn2vQ5z_fnXzFmmUh3-5_2MfE_leJX9rViNiM - - - 200 - - 363.5695ms 
2023-02-07 17:02:49.0774|Microsoft.AspNetCore.Hosting.Diagnostics|INFO|Request finished HTTP/1.1 GET http://localhost:5068/images/noimage.png?v=Kfghq_Gn2vQ5z_fnXzFmmUh3-5_2MfE_leJX9rViNiM - - - 200 - - 287.0547ms 
2023-02-07 17:03:20.3831|Microsoft.AspNetCore.DataProtection.KeyManagement.XmlKeyManager|INFO|User profile is available. Using 'C:\Users\anson\AppData\Local\ASP.NET\DataProtection-Keys' as key repository and Windows DPAPI to encrypt keys at rest. 
2023-02-07 17:03:20.5813|Microsoft.Hosting.Lifetime|INFO|Now listening on: http://localhost:5068 
2023-02-07 17:03:20.6189|Microsoft.Hosting.Lifetime|INFO|Application started. Press Ctrl+C to shut down. 
2023-02-07 17:03:20.6189|Microsoft.Hosting.Lifetime|INFO|Hosting environment: Development 
2023-02-07 17:03:20.6439|Microsoft.Hosting.Lifetime|INFO|Content root path: E:\Asp.Net Core\GitWorkSpace\MockSchoolManagement\MockSchoolManagement 
2023-02-07 17:03:21.3078|Microsoft.AspNetCore.Hosting.Diagnostics|INFO|Request starting HTTP/1.1 GET http://localhost:5068/ - - 
2023-02-07 17:03:21.5174|Microsoft.AspNetCore.Routing.EndpointMiddleware|INFO|Executing endpoint 'MockSchoolManagement.Controllers.HomeController.Index (MockSchoolManagement)' 
2023-02-07 17:03:21.5338|Microsoft.AspNetCore.Mvc.Infrastructure.ControllerActionInvoker|INFO|Route matched with {action = "Index", controller = "Home"}. Executing controller action with signature Microsoft.AspNetCore.Mvc.IActionResult Index() on controller MockSchoolManagement.Controllers.HomeController (MockSchoolManagement). 
2023-02-07 17:03:21.6554|Microsoft.AspNetCore.Mvc.Infrastructure.ControllerActionInvoker|INFO|Executing action method MockSchoolManagement.Controllers.HomeController.Index (MockSchoolManagement) - Validation state: Valid 
2023-02-07 17:03:21.6830|MockSchoolManagement.DataRepositories.SQLStudentRepository|INFO|学生信息 信息(Information) Log 
2023-02-07 17:03:21.6987|MockSchoolManagement.DataRepositories.SQLStudentRepository|WARN|学生信息 警告(Warning) Log 
2023-02-07 17:03:21.6987|MockSchoolManagement.DataRepositories.SQLStudentRepository|ERROR|学生信息 错误(Error) Log 
2023-02-07 17:03:21.7216|MockSchoolManagement.DataRepositories.SQLStudentRepository|FATAL|学生信息 严重(Critical) Log 
2023-02-07 17:03:21.7477|Microsoft.AspNetCore.Mvc.Infrastructure.ControllerActionInvoker|INFO|Executed action method MockSchoolManagement.Controllers.HomeController.Index (MockSchoolManagement), returned result Microsoft.AspNetCore.Mvc.ViewResult in 79.8785ms. 
2023-02-07 17:03:21.7928|Microsoft.AspNetCore.Mvc.ViewFeatures.ViewResultExecutor|INFO|Executing ViewResult, running view Index. 
2023-02-07 17:03:22.7675|Microsoft.EntityFrameworkCore.Database.Command|INFO|Executed DbCommand (30ms) [Parameters=[], CommandType='Text', CommandTimeout='30']
SELECT [s].[Id], [s].[Email], [s].[Major], [s].[Name], [s].[PhotoPath]
FROM [Students] AS [s] 
2023-02-07 17:03:23.7554|Microsoft.AspNetCore.Mvc.ViewFeatures.ViewResultExecutor|INFO|Executed ViewResult - view Index executed in 1994.4891ms. 
2023-02-07 17:03:23.7673|Microsoft.AspNetCore.Mvc.Infrastructure.ControllerActionInvoker|INFO|Executed action MockSchoolManagement.Controllers.HomeController.Index (MockSchoolManagement) in 2171.3378ms 
2023-02-07 17:03:23.7776|Microsoft.AspNetCore.Routing.EndpointMiddleware|INFO|Executed endpoint 'MockSchoolManagement.Controllers.HomeController.Index (MockSchoolManagement)' 
2023-02-07 17:03:23.8246|Microsoft.AspNetCore.Hosting.Diagnostics|INFO|Request finished HTTP/1.1 GET http://localhost:5068/ - - - 200 - text/html;+charset=utf-8 2517.8279ms 
2023-02-07 17:03:23.9251|Microsoft.AspNetCore.Hosting.Diagnostics|INFO|Request starting HTTP/1.1 GET http://localhost:5068/_framework/aspnetcore-browser-refresh.js - - 
2023-02-07 17:03:23.9362|Microsoft.AspNetCore.Hosting.Diagnostics|INFO|Request starting HTTP/1.1 GET http://localhost:5068/images/avatars/cd0b6263-d60a-4ac7-bcec-49eebd3a0ea6_noimage.png?v=Kfghq_Gn2vQ5z_fnXzFmmUh3-5_2MfE_leJX9rViNiM - - 
2023-02-07 17:03:23.9362|Microsoft.AspNetCore.Hosting.Diagnostics|INFO|Request finished HTTP/1.1 GET http://localhost:5068/_framework/aspnetcore-browser-refresh.js - - - 200 12010 application/javascript;+charset=utf-8 17.8204ms 
2023-02-07 17:03:23.9664|Microsoft.AspNetCore.Hosting.Diagnostics|INFO|Request starting HTTP/1.1 GET http://localhost:5068/images/noimage.png?v=Kfghq_Gn2vQ5z_fnXzFmmUh3-5_2MfE_leJX9rViNiM - - 
2023-02-07 17:03:24.0731|Microsoft.AspNetCore.Diagnostics.ExceptionHandlerMiddleware|ERROR|An unhandled exception has occurred while executing the request. System.InvalidOperationException: StatusCode cannot be set because the response has already started.
   at Microsoft.AspNetCore.Server.Kestrel.Core.Internal.Http.HttpProtocol.ThrowResponseAlreadyStartedException(String value)
   at Microsoft.AspNetCore.Server.Kestrel.Core.Internal.Http.HttpProtocol.set_StatusCode(Int32 value)
   at Microsoft.AspNetCore.StaticFiles.StaticFileContext.ApplyResponseHeaders(Int32 statusCode)
   at Microsoft.AspNetCore.StaticFiles.StaticFileContext.SendAsync()
   at Microsoft.AspNetCore.StaticFiles.StaticFileContext.ServeStaticFile(HttpContext context, RequestDelegate next)
   at MockSchoolManagement.Program.<>c.<<Main>b__0_3>d.MoveNext() in E:\Asp.Net Core\GitWorkSpace\MockSchoolManagement\MockSchoolManagement\Program.cs:line 115
--- End of stack trace from previous location ---
   at Microsoft.AspNetCore.Diagnostics.StatusCodePagesMiddleware.Invoke(HttpContext context)
   at Microsoft.AspNetCore.Diagnostics.ExceptionHandlerMiddlewareImpl.<Invoke>g__Awaited|8_0(ExceptionHandlerMiddlewareImpl middleware, HttpContext context, Task task)
2023-02-07 17:03:24.1226|Microsoft.AspNetCore.Diagnostics.ExceptionHandlerMiddleware|WARN|The response has already started, the error handler will not be executed. 
2023-02-07 17:03:24.0731|Microsoft.AspNetCore.Diagnostics.ExceptionHandlerMiddleware|ERROR|An unhandled exception has occurred while executing the request. System.InvalidOperationException: StatusCode cannot be set because the response has already started.
   at Microsoft.AspNetCore.Server.Kestrel.Core.Internal.Http.HttpProtocol.ThrowResponseAlreadyStartedException(String value)
   at Microsoft.AspNetCore.Server.Kestrel.Core.Internal.Http.HttpProtocol.set_StatusCode(Int32 value)
   at Microsoft.AspNetCore.StaticFiles.StaticFileContext.ApplyResponseHeaders(Int32 statusCode)
   at Microsoft.AspNetCore.StaticFiles.StaticFileContext.SendAsync()
   at Microsoft.AspNetCore.StaticFiles.StaticFileContext.ServeStaticFile(HttpContext context, RequestDelegate next)
   at MockSchoolManagement.Program.<>c.<<Main>b__0_3>d.MoveNext() in E:\Asp.Net Core\GitWorkSpace\MockSchoolManagement\MockSchoolManagement\Program.cs:line 115
--- End of stack trace from previous location ---
   at Microsoft.AspNetCore.Diagnostics.StatusCodePagesMiddleware.Invoke(HttpContext context)
   at Microsoft.AspNetCore.Diagnostics.ExceptionHandlerMiddlewareImpl.<Invoke>g__Awaited|8_0(ExceptionHandlerMiddlewareImpl middleware, HttpContext context, Task task)
2023-02-07 17:03:24.1674|Microsoft.AspNetCore.Diagnostics.DeveloperExceptionPageMiddleware|ERROR|An unhandled exception has occurred while executing the request. System.InvalidOperationException: StatusCode cannot be set because the response has already started.
   at Microsoft.AspNetCore.Server.Kestrel.Core.Internal.Http.HttpProtocol.ThrowResponseAlreadyStartedException(String value)
   at Microsoft.AspNetCore.Server.Kestrel.Core.Internal.Http.HttpProtocol.set_StatusCode(Int32 value)
   at Microsoft.AspNetCore.StaticFiles.StaticFileContext.ApplyResponseHeaders(Int32 statusCode)
   at Microsoft.AspNetCore.StaticFiles.StaticFileContext.SendAsync()
   at Microsoft.AspNetCore.StaticFiles.StaticFileContext.ServeStaticFile(HttpContext context, RequestDelegate next)
   at MockSchoolManagement.Program.<>c.<<Main>b__0_3>d.MoveNext() in E:\Asp.Net Core\GitWorkSpace\MockSchoolManagement\MockSchoolManagement\Program.cs:line 115
--- End of stack trace from previous location ---
   at Microsoft.AspNetCore.Diagnostics.StatusCodePagesMiddleware.Invoke(HttpContext context)
   at Microsoft.AspNetCore.Diagnostics.ExceptionHandlerMiddlewareImpl.<Invoke>g__Awaited|8_0(ExceptionHandlerMiddlewareImpl middleware, HttpContext context, Task task)
   at Microsoft.AspNetCore.Diagnostics.ExceptionHandlerMiddlewareImpl.HandleException(HttpContext context, ExceptionDispatchInfo edi)
   at Microsoft.AspNetCore.Diagnostics.ExceptionHandlerMiddlewareImpl.<Invoke>g__Awaited|8_0(ExceptionHandlerMiddlewareImpl middleware, HttpContext context, Task task)
   at Microsoft.AspNetCore.Diagnostics.DeveloperExceptionPageMiddlewareImpl.Invoke(HttpContext context)
2023-02-07 17:03:24.1804|Microsoft.AspNetCore.Diagnostics.ExceptionHandlerMiddleware|WARN|The response has already started, the error handler will not be executed. 
2023-02-07 17:03:24.2169|Microsoft.AspNetCore.Diagnostics.DeveloperExceptionPageMiddleware|WARN|The response has already started, the error page middleware will not be executed. 
2023-02-07 17:03:24.2169|Microsoft.AspNetCore.Diagnostics.DeveloperExceptionPageMiddleware|ERROR|An unhandled exception has occurred while executing the request. System.InvalidOperationException: StatusCode cannot be set because the response has already started.
   at Microsoft.AspNetCore.Server.Kestrel.Core.Internal.Http.HttpProtocol.ThrowResponseAlreadyStartedException(String value)
   at Microsoft.AspNetCore.Server.Kestrel.Core.Internal.Http.HttpProtocol.set_StatusCode(Int32 value)
   at Microsoft.AspNetCore.StaticFiles.StaticFileContext.ApplyResponseHeaders(Int32 statusCode)
   at Microsoft.AspNetCore.StaticFiles.StaticFileContext.SendAsync()
   at Microsoft.AspNetCore.StaticFiles.StaticFileContext.ServeStaticFile(HttpContext context, RequestDelegate next)
   at MockSchoolManagement.Program.<>c.<<Main>b__0_3>d.MoveNext() in E:\Asp.Net Core\GitWorkSpace\MockSchoolManagement\MockSchoolManagement\Program.cs:line 115
--- End of stack trace from previous location ---
   at Microsoft.AspNetCore.Diagnostics.StatusCodePagesMiddleware.Invoke(HttpContext context)
   at Microsoft.AspNetCore.Diagnostics.ExceptionHandlerMiddlewareImpl.<Invoke>g__Awaited|8_0(ExceptionHandlerMiddlewareImpl middleware, HttpContext context, Task task)
   at Microsoft.AspNetCore.Diagnostics.ExceptionHandlerMiddlewareImpl.HandleException(HttpContext context, ExceptionDispatchInfo edi)
   at Microsoft.AspNetCore.Diagnostics.ExceptionHandlerMiddlewareImpl.<Invoke>g__Awaited|8_0(ExceptionHandlerMiddlewareImpl middleware, HttpContext context, Task task)
   at Microsoft.AspNetCore.Diagnostics.DeveloperExceptionPageMiddlewareImpl.Invoke(HttpContext context)
2023-02-07 17:03:24.2390|Microsoft.AspNetCore.Server.Kestrel|ERROR|Connection id "0HMO8T8KJVN35", Request id "0HMO8T8KJVN35:00000001": An unhandled exception was thrown by the application. System.InvalidOperationException: StatusCode cannot be set because the response has already started.
   at Microsoft.AspNetCore.Server.Kestrel.Core.Internal.Http.HttpProtocol.ThrowResponseAlreadyStartedException(String value)
   at Microsoft.AspNetCore.Server.Kestrel.Core.Internal.Http.HttpProtocol.set_StatusCode(Int32 value)
   at Microsoft.AspNetCore.StaticFiles.StaticFileContext.ApplyResponseHeaders(Int32 statusCode)
   at Microsoft.AspNetCore.StaticFiles.StaticFileContext.SendAsync()
   at Microsoft.AspNetCore.StaticFiles.StaticFileContext.ServeStaticFile(HttpContext context, RequestDelegate next)
   at MockSchoolManagement.Program.<>c.<<Main>b__0_3>d.MoveNext() in E:\Asp.Net Core\GitWorkSpace\MockSchoolManagement\MockSchoolManagement\Program.cs:line 115
--- End of stack trace from previous location ---
   at Microsoft.AspNetCore.Diagnostics.StatusCodePagesMiddleware.Invoke(HttpContext context)
   at Microsoft.AspNetCore.Diagnostics.ExceptionHandlerMiddlewareImpl.<Invoke>g__Awaited|8_0(ExceptionHandlerMiddlewareImpl middleware, HttpContext context, Task task)
   at Microsoft.AspNetCore.Diagnostics.ExceptionHandlerMiddlewareImpl.HandleException(HttpContext context, ExceptionDispatchInfo edi)
   at Microsoft.AspNetCore.Diagnostics.ExceptionHandlerMiddlewareImpl.<Invoke>g__Awaited|8_0(ExceptionHandlerMiddlewareImpl middleware, HttpContext context, Task task)
   at Microsoft.AspNetCore.Diagnostics.DeveloperExceptionPageMiddlewareImpl.Invoke(HttpContext context)
   at Microsoft.AspNetCore.Diagnostics.DeveloperExceptionPageMiddlewareImpl.Invoke(HttpContext context)
   at Microsoft.AspNetCore.Watch.BrowserRefresh.BrowserRefreshMiddleware.InvokeAsync(HttpContext context)
   at Microsoft.AspNetCore.Server.Kestrel.Core.Internal.Http.HttpProtocol.ProcessRequests[TContext](IHttpApplication`1 application)
2023-02-07 17:03:24.2492|Microsoft.AspNetCore.Diagnostics.DeveloperExceptionPageMiddleware|WARN|The response has already started, the error page middleware will not be executed. 
2023-02-07 17:03:24.2896|Microsoft.AspNetCore.Hosting.Diagnostics|INFO|Request finished HTTP/1.1 GET http://localhost:5068/images/avatars/cd0b6263-d60a-4ac7-bcec-49eebd3a0ea6_noimage.png?v=Kfghq_Gn2vQ5z_fnXzFmmUh3-5_2MfE_leJX9rViNiM - - - 200 - - 346.6465ms 
2023-02-07 17:03:24.2896|Microsoft.AspNetCore.Server.Kestrel|ERROR|Connection id "0HMO8T8KJVN36", Request id "0HMO8T8KJVN36:00000001": An unhandled exception was thrown by the application. System.InvalidOperationException: StatusCode cannot be set because the response has already started.
   at Microsoft.AspNetCore.Server.Kestrel.Core.Internal.Http.HttpProtocol.ThrowResponseAlreadyStartedException(String value)
   at Microsoft.AspNetCore.Server.Kestrel.Core.Internal.Http.HttpProtocol.set_StatusCode(Int32 value)
   at Microsoft.AspNetCore.StaticFiles.StaticFileContext.ApplyResponseHeaders(Int32 statusCode)
   at Microsoft.AspNetCore.StaticFiles.StaticFileContext.SendAsync()
   at Microsoft.AspNetCore.StaticFiles.StaticFileContext.ServeStaticFile(HttpContext context, RequestDelegate next)
   at MockSchoolManagement.Program.<>c.<<Main>b__0_3>d.MoveNext() in E:\Asp.Net Core\GitWorkSpace\MockSchoolManagement\MockSchoolManagement\Program.cs:line 115
--- End of stack trace from previous location ---
   at Microsoft.AspNetCore.Diagnostics.StatusCodePagesMiddleware.Invoke(HttpContext context)
   at Microsoft.AspNetCore.Diagnostics.ExceptionHandlerMiddlewareImpl.<Invoke>g__Awaited|8_0(ExceptionHandlerMiddlewareImpl middleware, HttpContext context, Task task)
   at Microsoft.AspNetCore.Diagnostics.ExceptionHandlerMiddlewareImpl.HandleException(HttpContext context, ExceptionDispatchInfo edi)
   at Microsoft.AspNetCore.Diagnostics.ExceptionHandlerMiddlewareImpl.<Invoke>g__Awaited|8_0(ExceptionHandlerMiddlewareImpl middleware, HttpContext context, Task task)
   at Microsoft.AspNetCore.Diagnostics.DeveloperExceptionPageMiddlewareImpl.Invoke(HttpContext context)
   at Microsoft.AspNetCore.Diagnostics.DeveloperExceptionPageMiddlewareImpl.Invoke(HttpContext context)
   at Microsoft.AspNetCore.Watch.BrowserRefresh.BrowserRefreshMiddleware.InvokeAsync(HttpContext context)
   at Microsoft.AspNetCore.Server.Kestrel.Core.Internal.Http.HttpProtocol.ProcessRequests[TContext](IHttpApplication`1 application)
2023-02-07 17:03:24.3149|Microsoft.AspNetCore.Hosting.Diagnostics|INFO|Request finished HTTP/1.1 GET http://localhost:5068/images/noimage.png?v=Kfghq_Gn2vQ5z_fnXzFmmUh3-5_2MfE_leJX9rViNiM - - - 200 - - 342.3713ms 
2023-02-07 17:03:52.2388|Microsoft.AspNetCore.DataProtection.KeyManagement.XmlKeyManager|INFO|User profile is available. Using 'C:\Users\anson\AppData\Local\ASP.NET\DataProtection-Keys' as key repository and Windows DPAPI to encrypt keys at rest. 
2023-02-07 17:03:52.4093|Microsoft.Hosting.Lifetime|INFO|Now listening on: http://localhost:5068 
2023-02-07 17:03:52.4347|Microsoft.Hosting.Lifetime|INFO|Application started. Press Ctrl+C to shut down. 
2023-02-07 17:03:52.4347|Microsoft.Hosting.Lifetime|INFO|Hosting environment: Development 
2023-02-07 17:03:52.4486|Microsoft.Hosting.Lifetime|INFO|Content root path: E:\Asp.Net Core\GitWorkSpace\MockSchoolManagement\MockSchoolManagement 
2023-02-07 17:03:53.4079|Microsoft.AspNetCore.Hosting.Diagnostics|INFO|Request starting HTTP/1.1 GET http://localhost:5068/ - - 
2023-02-07 17:03:53.6358|Microsoft.AspNetCore.Routing.EndpointMiddleware|INFO|Executing endpoint 'MockSchoolManagement.Controllers.HomeController.Index (MockSchoolManagement)' 
2023-02-07 17:03:53.6529|Microsoft.AspNetCore.Mvc.Infrastructure.ControllerActionInvoker|INFO|Route matched with {action = "Index", controller = "Home"}. Executing controller action with signature Microsoft.AspNetCore.Mvc.IActionResult Index() on controller MockSchoolManagement.Controllers.HomeController (MockSchoolManagement). 
2023-02-07 17:03:53.7815|Microsoft.AspNetCore.Mvc.Infrastructure.ControllerActionInvoker|INFO|Executing action method MockSchoolManagement.Controllers.HomeController.Index (MockSchoolManagement) - Validation state: Valid 
2023-02-07 17:03:53.7920|MockSchoolManagement.DataRepositories.SQLStudentRepository|INFO|学生信息 信息(Information) Log 
2023-02-07 17:03:53.8128|MockSchoolManagement.DataRepositories.SQLStudentRepository|WARN|学生信息 警告(Warning) Log 
2023-02-07 17:03:53.8222|MockSchoolManagement.DataRepositories.SQLStudentRepository|ERROR|学生信息 错误(Error) Log 
2023-02-07 17:03:53.8222|MockSchoolManagement.DataRepositories.SQLStudentRepository|FATAL|学生信息 严重(Critical) Log 
2023-02-07 17:03:53.8472|Microsoft.AspNetCore.Mvc.Infrastructure.ControllerActionInvoker|INFO|Executed action method MockSchoolManagement.Controllers.HomeController.Index (MockSchoolManagement), returned result Microsoft.AspNetCore.Mvc.ViewResult in 53.9012ms. 
2023-02-07 17:03:53.8793|Microsoft.AspNetCore.Mvc.ViewFeatures.ViewResultExecutor|INFO|Executing ViewResult, running view Index. 
2023-02-07 17:03:54.8443|Microsoft.EntityFrameworkCore.Database.Command|INFO|Executed DbCommand (31ms) [Parameters=[], CommandType='Text', CommandTimeout='30']
SELECT [s].[Id], [s].[Email], [s].[Major], [s].[Name], [s].[PhotoPath]
FROM [Students] AS [s] 
2023-02-07 17:03:55.9736|Microsoft.AspNetCore.Mvc.ViewFeatures.ViewResultExecutor|INFO|Executed ViewResult - view Index executed in 2112.2082ms. 
2023-02-07 17:03:56.0076|Microsoft.AspNetCore.Mvc.Infrastructure.ControllerActionInvoker|INFO|Executed action MockSchoolManagement.Controllers.HomeController.Index (MockSchoolManagement) in 2293.9505ms 
2023-02-07 17:03:56.0421|Microsoft.AspNetCore.Routing.EndpointMiddleware|INFO|Executed endpoint 'MockSchoolManagement.Controllers.HomeController.Index (MockSchoolManagement)' 
2023-02-07 17:03:56.1394|Microsoft.AspNetCore.Hosting.Diagnostics|INFO|Request finished HTTP/1.1 GET http://localhost:5068/ - - - 200 - text/html;+charset=utf-8 2732.2777ms 
2023-02-07 17:03:56.2044|Microsoft.AspNetCore.Hosting.Diagnostics|INFO|Request starting HTTP/1.1 GET http://localhost:5068/_framework/aspnetcore-browser-refresh.js - - 
2023-02-07 17:03:56.2269|Microsoft.AspNetCore.Hosting.Diagnostics|INFO|Request starting HTTP/1.1 GET http://localhost:5068/images/avatars/cd0b6263-d60a-4ac7-bcec-49eebd3a0ea6_noimage.png?v=Kfghq_Gn2vQ5z_fnXzFmmUh3-5_2MfE_leJX9rViNiM - - 
2023-02-07 17:03:56.3218|Microsoft.AspNetCore.Hosting.Diagnostics|INFO|Request finished HTTP/1.1 GET http://localhost:5068/_framework/aspnetcore-browser-refresh.js - - - 200 12010 application/javascript;+charset=utf-8 116.6570ms 
2023-02-07 17:03:56.3830|Microsoft.AspNetCore.Hosting.Diagnostics|INFO|Request starting HTTP/1.1 GET http://localhost:5068/_vs/browserLink - - 
2023-02-07 17:03:56.3901|Microsoft.AspNetCore.StaticFiles.StaticFileMiddleware|INFO|Sending file. Request path: '/images/avatars/cd0b6263-d60a-4ac7-bcec-49eebd3a0ea6_noimage.png'. Physical path: 'E:\Asp.Net Core\GitWorkSpace\MockSchoolManagement\MockSchoolManagement\wwwroot\images\avatars\cd0b6263-d60a-4ac7-bcec-49eebd3a0ea6_noimage.png' 
2023-02-07 17:03:56.4063|Microsoft.AspNetCore.Hosting.Diagnostics|INFO|Request starting HTTP/1.1 GET http://localhost:5068/images/noimage.png?v=Kfghq_Gn2vQ5z_fnXzFmmUh3-5_2MfE_leJX9rViNiM - - 
2023-02-07 17:03:56.4909|Microsoft.AspNetCore.StaticFiles.StaticFileMiddleware|INFO|Sending file. Request path: '/images/noimage.png'. Physical path: 'E:\Asp.Net Core\GitWorkSpace\MockSchoolManagement\MockSchoolManagement\wwwroot\images\noimage.png' 
2023-02-07 17:03:56.4992|Microsoft.AspNetCore.Hosting.Diagnostics|INFO|Request finished HTTP/1.1 GET http://localhost:5068/images/avatars/cd0b6263-d60a-4ac7-bcec-49eebd3a0ea6_noimage.png?v=Kfghq_Gn2vQ5z_fnXzFmmUh3-5_2MfE_leJX9rViNiM - - - 200 67208 image/png 272.2834ms 
2023-02-07 17:03:56.5852|Microsoft.AspNetCore.Hosting.Diagnostics|INFO|Request finished HTTP/1.1 GET http://localhost:5068/_vs/browserLink - - - 200 - text/javascript;+charset=UTF-8 202.2036ms 
2023-02-07 17:03:56.6205|Microsoft.AspNetCore.Hosting.Diagnostics|INFO|Request finished HTTP/1.1 GET http://localhost:5068/images/noimage.png?v=Kfghq_Gn2vQ5z_fnXzFmmUh3-5_2MfE_leJX9rViNiM - - - 200 67208 image/png 214.1910ms 
