2023-01-28 20:58:04.6917|MockSchoolManagement.DataRepositories.SQLStudentRepository|WARN|学生信息 警告(Warning) Log 
2023-01-28 20:58:04.7119|MockSchoolManagement.DataRepositories.SQLStudentRepository|ERROR|学生信息 错误(Error) Log 
2023-01-28 20:58:04.7222|MockSchoolManagement.DataRepositories.SQLStudentRepository|FATAL|学生信息 严重(Critical) Log 
2023-01-28 20:58:10.3333|MockSchoolManagement.Controllers.HomeController|WARN|警告(Warning) Log 
2023-01-28 20:58:10.3333|MockSchoolManagement.Controllers.HomeController|ERROR|错误(Error) Log 
2023-01-28 20:58:10.3595|MockSchoolManagement.Controllers.HomeController|FATAL|严重(Critical) Log 
2023-01-28 20:58:14.3191|MockSchoolManagement.Controllers.HomeController|WARN|警告(Warning) Log 
2023-01-28 20:58:14.3191|MockSchoolManagement.Controllers.HomeController|ERROR|错误(Error) Log 
2023-01-28 20:58:14.3361|MockSchoolManagement.Controllers.HomeController|FATAL|严重(Critical) Log 
2023-01-28 20:58:23.1428|MockSchoolManagement.Controllers.HomeController|WARN|警告(Warning) Log 
2023-01-28 20:58:23.1428|MockSchoolManagement.Controllers.HomeController|ERROR|错误(Error) Log 
2023-01-28 20:58:23.1662|MockSchoolManagement.Controllers.HomeController|FATAL|严重(Critical) Log 
2023-01-28 20:58:44.7153|MockSchoolManagement.DataRepositories.SQLStudentRepository|WARN|学生信息 警告(Warning) Log 
2023-01-28 20:58:44.7663|MockSchoolManagement.DataRepositories.SQLStudentRepository|ERROR|学生信息 错误(Error) Log 
2023-01-28 20:58:44.7920|MockSchoolManagement.DataRepositories.SQLStudentRepository|FATAL|学生信息 严重(Critical) Log 
2023-01-28 21:29:19.8050|MockSchoolManagement.DataRepositories.SQLStudentRepository|WARN|学生信息 警告(Warning) Log 
2023-01-28 21:29:19.8205|MockSchoolManagement.DataRepositories.SQLStudentRepository|ERROR|学生信息 错误(Error) Log 
2023-01-28 21:29:19.8356|MockSchoolManagement.DataRepositories.SQLStudentRepository|FATAL|学生信息 严重(Critical) Log 
2023-01-28 21:29:27.0225|MockSchoolManagement.Controllers.HomeController|WARN|警告(Warning) Log 
2023-01-28 21:29:27.0327|MockSchoolManagement.Controllers.HomeController|ERROR|错误(Error) Log 
2023-01-28 21:29:27.0327|MockSchoolManagement.Controllers.HomeController|FATAL|严重(Critical) Log 
2023-01-28 21:29:42.0956|MockSchoolManagement.DataRepositories.SQLStudentRepository|WARN|学生信息 警告(Warning) Log 
2023-01-28 21:29:42.1270|MockSchoolManagement.DataRepositories.SQLStudentRepository|ERROR|学生信息 错误(Error) Log 
2023-01-28 21:29:42.1270|MockSchoolManagement.DataRepositories.SQLStudentRepository|FATAL|学生信息 严重(Critical) Log 
