2023-01-14 10:59:39.5198|Microsoft.AspNetCore.DataProtection.KeyManagement.XmlKeyManager|INFO|User profile is available. Using 'C:\Users\anson\AppData\Local\ASP.NET\DataProtection-Keys' as key repository and Windows DPAPI to encrypt keys at rest. 
2023-01-14 10:59:39.7055|Microsoft.Hosting.Lifetime|INFO|Application started. Press Ctrl+C to shut down. 
2023-01-14 10:59:39.7223|Microsoft.Hosting.Lifetime|INFO|Hosting environment: Development 
2023-01-14 10:59:39.7223|Microsoft.Hosting.Lifetime|INFO|Content root path: E:\Asp.Net Core\GitWorkSpace\MockSchoolManagement\MockSchoolManagement 
2023-01-14 10:59:39.7522|Microsoft.AspNetCore.Hosting.Diagnostics|INFO|Request starting HTTP/1.1 GET http://localhost:13800/ - - 
2023-01-14 10:59:39.8476|Microsoft.AspNetCore.Routing.EndpointMiddleware|INFO|Executing endpoint 'MockSchoolManagement.Controllers.HomeController.Index (MockSchoolManagement)' 
2023-01-14 10:59:39.8711|Microsoft.AspNetCore.Mvc.Infrastructure.ControllerActionInvoker|INFO|Route matched with {action = "Index", controller = "Home"}. Executing controller action with signature Microsoft.AspNetCore.Mvc.IActionResult Index() on controller MockSchoolManagement.Controllers.HomeController (MockSchoolManagement). 
2023-01-14 10:59:39.9300|Microsoft.AspNetCore.Authorization.DefaultAuthorizationService|INFO|Authorization failed. These requirements were not met:
DenyAnonymousAuthorizationRequirement: Requires an authenticated user. 
2023-01-14 10:59:39.9458|Microsoft.AspNetCore.Mvc.Infrastructure.ControllerActionInvoker|INFO|Authorization failed for the request at filter 'Microsoft.AspNetCore.Mvc.Authorization.AuthorizeFilter'. 
2023-01-14 10:59:39.9458|Microsoft.AspNetCore.Mvc.ChallengeResult|INFO|Executing ChallengeResult with authentication schemes (). 
2023-01-14 10:59:39.9715|Microsoft.AspNetCore.Authentication.Cookies.CookieAuthenticationHandler|INFO|AuthenticationScheme: Identity.Application was challenged. 
2023-01-14 10:59:39.9715|Microsoft.AspNetCore.Mvc.Infrastructure.ControllerActionInvoker|INFO|Executed action MockSchoolManagement.Controllers.HomeController.Index (MockSchoolManagement) in 54.9549ms 
2023-01-14 10:59:40.0162|Microsoft.AspNetCore.Routing.EndpointMiddleware|INFO|Executed endpoint 'MockSchoolManagement.Controllers.HomeController.Index (MockSchoolManagement)' 
2023-01-14 10:59:40.0337|Microsoft.AspNetCore.Hosting.Diagnostics|INFO|Request finished HTTP/1.1 GET http://localhost:13800/ - - - 302 - - 282.2821ms 
2023-01-14 10:59:40.0337|Microsoft.AspNetCore.Hosting.Diagnostics|INFO|Request starting HTTP/1.1 GET http://localhost:13800/Account/Login?ReturnUrl=%2F - - 
2023-01-14 10:59:40.0830|Microsoft.AspNetCore.Routing.EndpointMiddleware|INFO|Executing endpoint 'MockSchoolManagement.Controllers.AccountController.Login (MockSchoolManagement)' 
2023-01-14 10:59:40.0982|Microsoft.AspNetCore.Mvc.Infrastructure.ControllerActionInvoker|INFO|Route matched with {action = "Login", controller = "Account"}. Executing controller action with signature Microsoft.AspNetCore.Mvc.IActionResult Login() on controller MockSchoolManagement.Controllers.AccountController (MockSchoolManagement). 
2023-01-14 10:59:40.3400|Microsoft.AspNetCore.Mvc.Infrastructure.ControllerActionInvoker|INFO|Executing action method MockSchoolManagement.Controllers.AccountController.Login (MockSchoolManagement) - Validation state: Valid 
2023-01-14 10:59:40.3515|Microsoft.AspNetCore.Mvc.Infrastructure.ControllerActionInvoker|INFO|Executed action method MockSchoolManagement.Controllers.AccountController.Login (MockSchoolManagement), returned result Microsoft.AspNetCore.Mvc.ViewResult in 0.5684ms. 
2023-01-14 10:59:40.3799|Microsoft.AspNetCore.Mvc.ViewFeatures.ViewResultExecutor|INFO|Executing ViewResult, running view Login. 
2023-01-14 10:59:40.8723|Microsoft.AspNetCore.Mvc.ViewFeatures.ViewResultExecutor|INFO|Executed ViewResult - view Login executed in 506.411ms. 
2023-01-14 10:59:40.8971|Microsoft.AspNetCore.Mvc.Infrastructure.ControllerActionInvoker|INFO|Executed action MockSchoolManagement.Controllers.AccountController.Login (MockSchoolManagement) in 754.4089ms 
2023-01-14 10:59:40.9155|Microsoft.AspNetCore.Routing.EndpointMiddleware|INFO|Executed endpoint 'MockSchoolManagement.Controllers.AccountController.Login (MockSchoolManagement)' 
2023-01-14 10:59:40.9811|Microsoft.AspNetCore.Hosting.Diagnostics|INFO|Request finished HTTP/1.1 GET http://localhost:13800/Account/Login?ReturnUrl=%2F - - - 200 - text/html;+charset=utf-8 938.7223ms 
2023-01-14 10:59:41.0047|Microsoft.AspNetCore.Hosting.Diagnostics|INFO|Request starting HTTP/1.1 GET http://localhost:13800/MockSchoolManagement.styles.css?v=PjATaM4Eo76Np-LRxt6kFa1HCcTOr1AiwSntM6jfHYM - - 
2023-01-14 10:59:41.0047|Microsoft.AspNetCore.StaticFiles.StaticFileMiddleware|INFO|The file /MockSchoolManagement.styles.css was not modified 
2023-01-14 10:59:41.0227|Microsoft.AspNetCore.Hosting.Diagnostics|INFO|Request starting HTTP/1.1 GET http://localhost:13800/_vs/browserLink - - 
2023-01-14 10:59:41.0227|Microsoft.AspNetCore.Hosting.Diagnostics|INFO|Request starting HTTP/1.1 GET http://localhost:13800/_framework/aspnetcore-browser-refresh.js - - 
2023-01-14 10:59:41.0674|Microsoft.AspNetCore.Hosting.Diagnostics|INFO|Request finished HTTP/1.1 GET http://localhost:13800/_framework/aspnetcore-browser-refresh.js - - - 200 12010 application/javascript;+charset=utf-8 41.8230ms 
2023-01-14 10:59:41.0674|Microsoft.AspNetCore.Hosting.Diagnostics|INFO|Request finished HTTP/1.1 GET http://localhost:13800/MockSchoolManagement.styles.css?v=PjATaM4Eo76Np-LRxt6kFa1HCcTOr1AiwSntM6jfHYM - - - 304 - text/css 62.8240ms 
2023-01-14 10:59:41.1125|Microsoft.AspNetCore.Hosting.Diagnostics|INFO|Request finished HTTP/1.1 GET http://localhost:13800/_vs/browserLink - - - 200 - text/javascript;+charset=UTF-8 89.7702ms 
2023-01-14 10:59:43.3135|Microsoft.AspNetCore.Hosting.Diagnostics|INFO|Request starting HTTP/1.1 POST http://localhost:13800/Account/Login?ReturnUrl=%2F application/x-www-form-urlencoded 245 
2023-01-14 10:59:43.3662|Microsoft.AspNetCore.Routing.EndpointMiddleware|INFO|Executing endpoint 'MockSchoolManagement.Controllers.AccountController.Login (MockSchoolManagement)' 
2023-01-14 10:59:43.3953|Microsoft.AspNetCore.Mvc.Infrastructure.ControllerActionInvoker|INFO|Route matched with {action = "Login", controller = "Account"}. Executing controller action with signature System.Threading.Tasks.Task`1[Microsoft.AspNetCore.Mvc.IActionResult] Login(MockSchoolManagement.ViewModels.LoginViewModel, System.String) on controller MockSchoolManagement.Controllers.AccountController (MockSchoolManagement). 
2023-01-14 10:59:43.7200|Microsoft.AspNetCore.Mvc.Infrastructure.ControllerActionInvoker|INFO|Executing action method MockSchoolManagement.Controllers.AccountController.Login (MockSchoolManagement) - Validation state: Valid 
2023-01-14 10:59:47.4147|Microsoft.EntityFrameworkCore.Database.Command|INFO|Executed DbCommand (75ms) [Parameters=[@__normalizedUserName_0='?' (Size = 256)], CommandType='Text', CommandTimeout='30']
SELECT TOP(1) [a].[Id], [a].[AccessFailedCount], [a].[City], [a].[ConcurrencyStamp], [a].[Email], [a].[EmailConfirmed], [a].[LockoutEnabled], [a].[LockoutEnd], [a].[NormalizedEmail], [a].[NormalizedUserName], [a].[PasswordHash], [a].[PhoneNumber], [a].[PhoneNumberConfirmed], [a].[SecurityStamp], [a].[TwoFactorEnabled], [a].[UserName]
FROM [AspNetUsers] AS [a]
WHERE [a].[NormalizedUserName] = @__normalizedUserName_0 
2023-01-14 10:59:47.8046|Microsoft.EntityFrameworkCore.Database.Command|INFO|Executed DbCommand (15ms) [Parameters=[@__user_Id_0='?' (Size = 450)], CommandType='Text', CommandTimeout='30']
SELECT [a].[Id], [a].[ClaimType], [a].[ClaimValue], [a].[UserId]
FROM [AspNetUserClaims] AS [a]
WHERE [a].[UserId] = @__user_Id_0 
2023-01-14 10:59:48.0302|Microsoft.EntityFrameworkCore.Database.Command|INFO|Executed DbCommand (15ms) [Parameters=[@__userId_0='?' (Size = 450)], CommandType='Text', CommandTimeout='30']
SELECT [a0].[Name]
FROM [AspNetUserRoles] AS [a]
INNER JOIN [AspNetRoles] AS [a0] ON [a].[RoleId] = [a0].[Id]
WHERE [a].[UserId] = @__userId_0 
2023-01-14 10:59:48.1905|Microsoft.EntityFrameworkCore.Database.Command|INFO|Executed DbCommand (18ms) [Parameters=[@__normalizedName_0='?' (Size = 256)], CommandType='Text', CommandTimeout='30']
SELECT TOP(1) [a].[Id], [a].[ConcurrencyStamp], [a].[Name], [a].[NormalizedName]
FROM [AspNetRoles] AS [a]
WHERE [a].[NormalizedName] = @__normalizedName_0 
2023-01-14 10:59:48.3538|Microsoft.EntityFrameworkCore.Database.Command|INFO|Executed DbCommand (13ms) [Parameters=[@__role_Id_0='?' (Size = 450)], CommandType='Text', CommandTimeout='30']
SELECT [a].[ClaimType], [a].[ClaimValue]
FROM [AspNetRoleClaims] AS [a]
WHERE [a].[RoleId] = @__role_Id_0 
2023-01-14 10:59:48.4020|Microsoft.AspNetCore.Authentication.Cookies.CookieAuthenticationHandler|INFO|AuthenticationScheme: Identity.Application signed in. 
2023-01-14 10:59:48.4191|Microsoft.AspNetCore.Mvc.Infrastructure.ControllerActionInvoker|INFO|Executed action method MockSchoolManagement.Controllers.AccountController.Login (MockSchoolManagement), returned result Microsoft.AspNetCore.Mvc.LocalRedirectResult in 4688.1812ms. 
2023-01-14 10:59:48.4479|Microsoft.AspNetCore.Mvc.Infrastructure.LocalRedirectResultExecutor|INFO|Executing LocalRedirectResult, redirecting to /. 
2023-01-14 10:59:48.4706|Microsoft.AspNetCore.Mvc.Infrastructure.ControllerActionInvoker|INFO|Executed action MockSchoolManagement.Controllers.AccountController.Login (MockSchoolManagement) in 5011.6738ms 
2023-01-14 10:59:48.4892|Microsoft.AspNetCore.Routing.EndpointMiddleware|INFO|Executed endpoint 'MockSchoolManagement.Controllers.AccountController.Login (MockSchoolManagement)' 
2023-01-14 10:59:48.5102|Microsoft.AspNetCore.Hosting.Diagnostics|INFO|Request starting HTTP/1.1 GET http://localhost:13800/ - - 
2023-01-14 10:59:48.5102|Microsoft.AspNetCore.Hosting.Diagnostics|INFO|Request finished HTTP/1.1 POST http://localhost:13800/Account/Login?ReturnUrl=%2F application/x-www-form-urlencoded 245 - 302 - - 5196.7125ms 
2023-01-14 10:59:48.5830|Microsoft.AspNetCore.Routing.EndpointMiddleware|INFO|Executing endpoint 'MockSchoolManagement.Controllers.HomeController.Index (MockSchoolManagement)' 
2023-01-14 10:59:48.5830|Microsoft.AspNetCore.Mvc.Infrastructure.ControllerActionInvoker|INFO|Route matched with {action = "Index", controller = "Home"}. Executing controller action with signature Microsoft.AspNetCore.Mvc.IActionResult Index() on controller MockSchoolManagement.Controllers.HomeController (MockSchoolManagement). 
2023-01-14 10:59:48.6747|Microsoft.AspNetCore.Mvc.Infrastructure.ControllerActionInvoker|INFO|Executing action method MockSchoolManagement.Controllers.HomeController.Index (MockSchoolManagement) - Validation state: Valid 
2023-01-14 10:59:48.6974|MockSchoolManagement.DataRepositories.SQLStudentRepository|INFO|学生信息 信息(Information) Log 
2023-01-14 10:59:48.7084|MockSchoolManagement.DataRepositories.SQLStudentRepository|WARN|学生信息 警告(Warning) Log 
2023-01-14 10:59:48.7084|MockSchoolManagement.DataRepositories.SQLStudentRepository|ERROR|学生信息 错误(Error) Log 
2023-01-14 10:59:48.7298|MockSchoolManagement.DataRepositories.SQLStudentRepository|FATAL|学生信息 严重(Critical) Log 
2023-01-14 10:59:48.7510|Microsoft.AspNetCore.Mvc.Infrastructure.ControllerActionInvoker|INFO|Executed action method MockSchoolManagement.Controllers.HomeController.Index (MockSchoolManagement), returned result Microsoft.AspNetCore.Mvc.ViewResult in 65.5073ms. 
2023-01-14 10:59:48.7768|Microsoft.AspNetCore.Mvc.ViewFeatures.ViewResultExecutor|INFO|Executing ViewResult, running view Index. 
2023-01-14 10:59:48.9171|Microsoft.EntityFrameworkCore.Database.Command|INFO|Executed DbCommand (14ms) [Parameters=[], CommandType='Text', CommandTimeout='30']
SELECT [s].[Id], [s].[Email], [s].[Major], [s].[Name], [s].[PhotoPath]
FROM [Students] AS [s] 
2023-01-14 10:59:49.6001|Microsoft.AspNetCore.Mvc.ViewFeatures.ViewResultExecutor|INFO|Executed ViewResult - view Index executed in 837.1632ms. 
2023-01-14 10:59:49.6130|Microsoft.AspNetCore.Mvc.Infrastructure.ControllerActionInvoker|INFO|Executed action MockSchoolManagement.Controllers.HomeController.Index (MockSchoolManagement) in 973.1698ms 
2023-01-14 10:59:49.6295|Microsoft.AspNetCore.Routing.EndpointMiddleware|INFO|Executed endpoint 'MockSchoolManagement.Controllers.HomeController.Index (MockSchoolManagement)' 
2023-01-14 10:59:49.6678|Microsoft.AspNetCore.Hosting.Diagnostics|INFO|Request finished HTTP/1.1 GET http://localhost:13800/ - - - 200 - text/html;+charset=utf-8 1156.8612ms 
2023-01-14 10:59:49.7021|Microsoft.AspNetCore.Hosting.Diagnostics|INFO|Request starting HTTP/1.1 GET http://localhost:13800/_vs/browserLink - - 
2023-01-14 10:59:49.7021|Microsoft.AspNetCore.Hosting.Diagnostics|INFO|Request starting HTTP/1.1 GET http://localhost:13800/_framework/aspnetcore-browser-refresh.js - - 
2023-01-14 10:59:49.7210|Microsoft.AspNetCore.Hosting.Diagnostics|INFO|Request finished HTTP/1.1 GET http://localhost:13800/_framework/aspnetcore-browser-refresh.js - - - 200 12010 application/javascript;+charset=utf-8 18.5343ms 
2023-01-14 10:59:49.7422|Microsoft.AspNetCore.Hosting.Diagnostics|INFO|Request finished HTTP/1.1 GET http://localhost:13800/_vs/browserLink - - - 200 - text/javascript;+charset=UTF-8 39.8770ms 
